# Logfile created on 2020-10-05 21:14:18 +0000 by logger.rb/66358
[2020-10-05T21:14:18+00:00] INFO: Started Chef Infra Zero at chefzero://localhost:1 with repository at /opt/gitlab/embedded
  One version per cookbook

[2020-10-05T21:14:18+00:00] INFO: *** Chef Infra Client 15.12.22 ***
[2020-10-05T21:14:18+00:00] INFO: Platform: x86_64-linux
[2020-10-05T21:14:18+00:00] INFO: Chef-client pid: 1385
[2020-10-05T21:14:19+00:00] WARN: Plugin Network: unable to detect ipaddress
[2020-10-05T21:14:19+00:00] INFO: Setting the run_list to ["recipe[gitlab]"] from CLI options
[2020-10-05T21:14:19+00:00] INFO: Run List is [recipe[gitlab]]
[2020-10-05T21:14:19+00:00] INFO: Run List expands to [gitlab]
[2020-10-05T21:14:19+00:00] INFO: Starting Chef Infra Client Run for ea9c5f9377cb
[2020-10-05T21:14:19+00:00] INFO: Running start handlers
[2020-10-05T21:14:19+00:00] INFO: Start handlers complete.
[2020-10-05T21:14:20+00:00] INFO: Loading cookbooks [gitlab@0.0.1, package@0.1.0, postgresql@0.1.0, redis@0.1.0, monitoring@0.1.0, registry@0.1.0, mattermost@0.1.0, consul@0.1.0, gitaly@0.1.0, praefect@0.1.0, letsencrypt@0.1.0, nginx@0.1.0, runit@5.1.3, acme@4.1.1, crond@0.1.0]
[2020-10-05T21:14:22+00:00] INFO: Skipped selecting an init system because it was explicitly disabled
[2020-10-05T21:14:22+00:00] INFO: template[/var/opt/gitlab/.gitconfig] backed up to /opt/gitlab/embedded/cookbooks/cache/backup/var/opt/gitlab/.gitconfig.chef-20201005211422.895046
[2020-10-05T21:14:22+00:00] INFO: template[/var/opt/gitlab/.gitconfig] updated file contents /var/opt/gitlab/.gitconfig
[2020-10-05T21:14:23+00:00] INFO: template[/var/opt/gitlab/gitlab-rails/etc/gitlab.yml] backed up to /opt/gitlab/embedded/cookbooks/cache/backup/var/opt/gitlab/gitlab-rails/etc/gitlab.yml.chef-20201005211423.688921
[2020-10-05T21:14:23+00:00] INFO: template[/var/opt/gitlab/gitlab-rails/etc/gitlab.yml] updated file contents /var/opt/gitlab/gitlab-rails/etc/gitlab.yml
[2020-10-05T21:14:23+00:00] WARN: only_if block for templatesymlink[Create a gitlab_pages_secret and create a symlink to Rails root] returned a string, did you mean to run a command?
[2020-10-05T21:14:25+00:00] INFO: runit_service[puma] running why-run enable action to support before action
[2020-10-05T21:14:25+00:00] INFO: template[/var/opt/gitlab/nginx/conf/gitlab-http.conf] backed up to /opt/gitlab/embedded/cookbooks/cache/backup/var/opt/gitlab/nginx/conf/gitlab-http.conf.chef-20201005211425.859086
[2020-10-05T21:14:25+00:00] INFO: template[/var/opt/gitlab/nginx/conf/gitlab-http.conf] updated file contents /var/opt/gitlab/nginx/conf/gitlab-http.conf
[2020-10-05T21:14:26+00:00] INFO: ruby_block[populate Grafana configuration options] called
[2020-10-05T21:14:26+00:00] INFO: template[/var/opt/gitlab/grafana/grafana.ini] backed up to /opt/gitlab/embedded/cookbooks/cache/backup/var/opt/gitlab/grafana/grafana.ini.chef-20201005211426.606807
[2020-10-05T21:14:26+00:00] INFO: template[/var/opt/gitlab/grafana/grafana.ini] updated file contents /var/opt/gitlab/grafana/grafana.ini
[2020-10-05T21:14:26+00:00] INFO: templatesymlink[Create a gitlab.yml and create a symlink to Rails root] sending restart action to runit_service[puma] (delayed)
[2020-10-05T21:14:26+00:00] INFO: runit_service[puma] running why-run restart action to support before action
[2020-10-05T21:14:26+00:00] INFO: templatesymlink[Create a gitlab.yml and create a symlink to Rails root] sending restart action to sidekiq_service[sidekiq] (delayed)
[2020-10-05T21:14:30+00:00] INFO: templatesymlink[Create a gitlab.yml and create a symlink to Rails root] sending run action to execute[clear the gitlab-rails cache] (delayed)
[2020-10-05T21:14:44+00:00] INFO: execute[clear the gitlab-rails cache] ran successfully
[2020-10-05T21:14:44+00:00] INFO: template[/var/opt/gitlab/nginx/conf/gitlab-http.conf] sending restart action to runit_service[nginx] (delayed)
[2020-10-05T21:14:45+00:00] INFO: template[/var/opt/gitlab/grafana/grafana.ini] sending restart action to runit_service[grafana] (delayed)
[2020-10-05T21:14:45+00:00] INFO: Chef Infra Client Run complete in 25.706713391 seconds
[2020-10-05T21:14:45+00:00] INFO: Running report handlers
[2020-10-05T21:14:45+00:00] INFO: Report handlers complete
