# Logfile created on 2020-10-05 17:39:22 +0000 by logger.rb/66358
{"severity":"DEBUG","time":"2020-10-05T17:39:22.452Z","correlation_id":null,"message":"ActiveRecord connection established"}
{"severity":"INFO","time":"2020-10-05T17:39:22.871Z","correlation_id":null,"message":"Checking state of dynamic postgres partitions"}
{"severity":"INFO","time":"2020-10-05T17:39:33.842Z","correlation_id":null,"message":"Checking state of dynamic postgres partitions"}
{"severity":"INFO","time":"2020-10-05T17:39:33.861Z","correlation_id":null,"method":"with_lock_retries","class":"Gitlab::Database::Partitioning::PartitionCreator","message":"Lock timeout is set","current_iteration":1,"lock_timeout_in_ms":100}
{"severity":"INFO","time":"2020-10-05T17:39:33.866Z","correlation_id":null,"message":"Created partition audit_events_part_5fc467ac26_000000 for table audit_events_part_5fc467ac26"}
{"severity":"INFO","time":"2020-10-05T17:39:33.870Z","correlation_id":null,"message":"Created partition audit_events_part_5fc467ac26_202010 for table audit_events_part_5fc467ac26"}
{"severity":"INFO","time":"2020-10-05T17:39:33.873Z","correlation_id":null,"message":"Created partition audit_events_part_5fc467ac26_202011 for table audit_events_part_5fc467ac26"}
{"severity":"INFO","time":"2020-10-05T17:39:33.876Z","correlation_id":null,"message":"Created partition audit_events_part_5fc467ac26_202012 for table audit_events_part_5fc467ac26"}
{"severity":"INFO","time":"2020-10-05T17:39:33.880Z","correlation_id":null,"message":"Created partition audit_events_part_5fc467ac26_202101 for table audit_events_part_5fc467ac26"}
{"severity":"INFO","time":"2020-10-05T17:39:33.883Z","correlation_id":null,"message":"Created partition audit_events_part_5fc467ac26_202102 for table audit_events_part_5fc467ac26"}
{"severity":"INFO","time":"2020-10-05T17:39:33.886Z","correlation_id":null,"message":"Created partition audit_events_part_5fc467ac26_202103 for table audit_events_part_5fc467ac26"}
{"severity":"INFO","time":"2020-10-05T17:39:33.890Z","correlation_id":null,"message":"Created partition audit_events_part_5fc467ac26_202104 for table audit_events_part_5fc467ac26"}
{"severity":"INFO","time":"2020-10-05T17:39:33.890Z","correlation_id":null,"method":"with_lock_retries","class":"Gitlab::Database::Partitioning::PartitionCreator","message":"Migration finished","current_iteration":1,"lock_timeout_in_ms":100}
{"severity":"INFO","time":"2020-10-05T17:39:34.558Z","correlation_id":null,"message":"User \"Administrator\" (admin@example.com) was created"}
{"severity":"INFO","time":"2020-10-05T17:39:34.668Z","correlation_id":null,"message":"Group \"GitLab Instance\" was created"}
{"severity":"INFO","time":"2020-10-05T17:39:35.478Z","correlation_id":"583c1403fac68f50219a3368297872c5","message":"GitLab Instance created a new project \"GitLab Instance / Monitoring\""}
{"severity":"ERROR","time":"2020-10-05T17:39:36.067Z","correlation_id":null,"message":"Cannot obtain an exclusive lease. There must be another instance already in execution."}
{":severity":"DEBUG",":time":"2020-10-05T17:39:45.199Z","correlation_id":null,":message":"ActiveRecord connection established"}
{"severity":"INFO","time":"2020-10-05T17:39:45.818Z","correlation_id":null,"message":"Checking state of dynamic postgres partitions"}
{"severity":"INFO","time":"2020-10-05T17:39:58.427Z","correlation_id":null,"message":"Checking state of dynamic postgres partitions"}
{"severity":"INFO","time":"2020-10-05T17:40:05.779Z","correlation_id":null,"message":"Checking state of dynamic postgres partitions"}
{"severity":"DEBUG","time":"2020-10-05T17:40:16.724Z","correlation_id":null,"message":"ActiveRecord connection disconnected"}
{"severity":"DEBUG","time":"2020-10-05T17:40:16.949Z","correlation_id":null,"message":"ActiveRecord connection established"}
{"severity":"DEBUG","time":"2020-10-05T17:40:16.974Z","correlation_id":null,"message":"ActiveRecord connection established"}
{"severity":"DEBUG","time":"2020-10-05T17:40:16.996Z","correlation_id":null,"message":"ActiveRecord connection established"}
{"severity":"DEBUG","time":"2020-10-05T17:40:16.999Z","correlation_id":null,"message":"ActiveRecord connection established"}
{"severity":"DEBUG","time":"2020-10-05T17:40:17.019Z","correlation_id":null,"message":"ActiveRecord connection established"}
{"severity":"DEBUG","time":"2020-10-05T17:40:17.069Z","correlation_id":null,"message":"ActiveRecord connection established"}
{"severity":"DEBUG","time":"2020-10-05T17:40:17.109Z","correlation_id":null,"message":"ActiveRecord connection established"}
{"severity":"DEBUG","time":"2020-10-05T17:40:17.108Z","correlation_id":null,"message":"ActiveRecord connection established"}
{":severity":"DEBUG",":time":"2020-10-05T17:40:50.507Z","correlation_id":null,":message":"ActiveRecord connection established"}
{"severity":"INFO","time":"2020-10-05T17:40:51.128Z","correlation_id":null,"message":"Checking state of dynamic postgres partitions"}
{"severity":"INFO","time":"2020-10-05T17:41:14.971Z","correlation_id":"umeBail2zN","message":"Successful Login: username=root ip=172.18.0.1 method=standard admin=true"}
{":severity":"DEBUG",":time":"2020-10-05T17:41:23.603Z","correlation_id":null,":message":"ActiveRecord connection established"}
{"severity":"INFO","time":"2020-10-05T17:41:24.382Z","correlation_id":null,"message":"Checking state of dynamic postgres partitions"}
{"severity":"INFO","time":"2020-10-05T17:41:42.887Z","correlation_id":"6Ia817oBlh6","message":"GitLab Instance created a new project \"GitLab Instance / Poc Configmap Secrets\""}
{"severity":"INFO","time":"2020-10-05T18:00:26.261Z","correlation_id":"da98c621dcf94c2b5d0493bc29a1afdb","message":"StuckCiJobsWorker: Cleaning stuck builds"}
{"severity":"INFO","time":"2020-10-05T18:09:52.017Z","correlation_id":null,"message":"Checking state of dynamic postgres partitions"}
{"severity":"INFO","time":"2020-10-05T18:09:57.980Z","correlation_id":null,"message":"Checking state of dynamic postgres partitions"}
{"severity":"DEBUG","time":"2020-10-05T18:10:31.710Z","correlation_id":null,"message":"ActiveRecord connection disconnected"}
{"severity":"DEBUG","time":"2020-10-05T18:10:32.460Z","correlation_id":null,"message":"ActiveRecord connection established"}
{"severity":"DEBUG","time":"2020-10-05T18:10:32.474Z","correlation_id":null,"message":"ActiveRecord connection established"}
{"severity":"DEBUG","time":"2020-10-05T18:10:32.536Z","correlation_id":null,"message":"ActiveRecord connection established"}
{"severity":"DEBUG","time":"2020-10-05T18:10:32.546Z","correlation_id":null,"message":"ActiveRecord connection established"}
{"severity":"DEBUG","time":"2020-10-05T18:10:32.565Z","correlation_id":null,"message":"ActiveRecord connection established"}
{"severity":"DEBUG","time":"2020-10-05T18:10:32.600Z","correlation_id":null,"message":"ActiveRecord connection established"}
{"severity":"DEBUG","time":"2020-10-05T18:10:32.778Z","correlation_id":null,"message":"ActiveRecord connection established"}
{"severity":"DEBUG","time":"2020-10-05T18:10:32.781Z","correlation_id":null,"message":"ActiveRecord connection established"}
{":severity":"DEBUG",":time":"2020-10-05T18:12:07.071Z","correlation_id":null,":message":"ActiveRecord connection established"}
{"severity":"INFO","time":"2020-10-05T18:12:07.220Z","correlation_id":null,"message":"Checking state of dynamic postgres partitions"}
{"severity":"INFO","time":"2020-10-05T18:12:08.797Z","correlation_id":null,"message":"Checking state of dynamic postgres partitions"}
{"severity":"INFO","time":"2020-10-05T18:12:15.130Z","correlation_id":null,"message":"Checking state of dynamic postgres partitions"}
{"severity":"DEBUG","time":"2020-10-05T18:13:12.629Z","correlation_id":null,"message":"ActiveRecord connection disconnected"}
{"severity":"DEBUG","time":"2020-10-05T18:13:13.219Z","correlation_id":null,"message":"ActiveRecord connection established"}
{"severity":"DEBUG","time":"2020-10-05T18:13:13.279Z","correlation_id":null,"message":"ActiveRecord connection established"}
{"severity":"DEBUG","time":"2020-10-05T18:13:13.323Z","correlation_id":null,"message":"ActiveRecord connection established"}
{"severity":"DEBUG","time":"2020-10-05T18:13:13.338Z","correlation_id":null,"message":"ActiveRecord connection established"}
{"severity":"DEBUG","time":"2020-10-05T18:13:13.309Z","correlation_id":null,"message":"ActiveRecord connection established"}
{"severity":"DEBUG","time":"2020-10-05T18:13:13.416Z","correlation_id":null,"message":"ActiveRecord connection established"}
{"severity":"DEBUG","time":"2020-10-05T18:13:13.448Z","correlation_id":null,"message":"ActiveRecord connection established"}
{"severity":"DEBUG","time":"2020-10-05T18:13:13.459Z","correlation_id":null,"message":"ActiveRecord connection established"}
{"severity":"INFO","time":"2020-10-05T18:19:53.858Z","correlation_id":"9e24x5pGKt1","message":"Updating statistics for project 2"}
{"severity":"INFO","time":"2020-10-05T18:19:54.446Z","correlation_id":"9e24x5pGKt1","message":"Updating statistics for project 2"}
{"severity":"INFO","time":"2020-10-05T18:19:55.334Z","correlation_id":"9e24x5pGKt1","message":"Pipeline authorized","project_id":2,"user_id":1}
{"severity":"ERROR","time":"2020-10-05T18:19:55.969Z","correlation_id":"9e24x5pGKt1","message":"Cannot obtain an exclusive lease for Ci::PipelineProcessing::AtomicProcessingService. There must be another instance already in execution."}
{"severity":"INFO","time":"2020-10-05T18:21:22.783Z","correlation_id":"802d2f55e889d5ac9f00faeeccbc1099","message":"Checking state of dynamic postgres partitions"}
{"severity":"ERROR","time":"2020-10-05T18:22:21.137Z","correlation_id":"NfyX5rLusia","message":"Cannot obtain an exclusive lease for Namespace::AggregationSchedule. There must be another instance already in execution."}
{"severity":"INFO","time":"2020-10-05T18:31:32.602Z","correlation_id":"QRv74LUVSy4","message":"Pipeline authorized","project_id":2,"user_id":1}
{"severity":"ERROR","time":"2020-10-05T18:31:32.882Z","correlation_id":"QRv74LUVSy4","message":"Cannot obtain an exclusive lease for Ci::PipelineProcessing::AtomicProcessingService. There must be another instance already in execution."}
{"severity":"INFO","time":"2020-10-05T18:34:55.090Z","correlation_id":"f852fd66c447fd28b3ca501d94ba48d7","message":"Updating statistics for project 2"}
{"severity":"INFO","time":"2020-10-05T18:34:55.091Z","correlation_id":"2e912664160865bb04a32a73282b38b8","message":"Updating statistics for project 2"}
{"severity":"INFO","time":"2020-10-05T19:00:15.851Z","correlation_id":"cfe76f08796c2ace16e124ca6687795b","message":"StuckCiJobsWorker: Cleaning stuck builds"}
{"severity":"INFO","time":"2020-10-05T20:00:13.582Z","correlation_id":"6d21bc772dbea1f5e6e94ba5d7a1c7c7","message":"StuckCiJobsWorker: Cleaning stuck builds"}
{"severity":"INFO","time":"2020-10-05T21:00:31.179Z","correlation_id":"f9e96d0271a82e8a56214cbe60ba2f45","message":"StuckCiJobsWorker: Cleaning stuck builds"}
{"severity":"INFO","time":"2020-10-05T21:11:45.412Z","correlation_id":null,"message":"Checking state of dynamic postgres partitions"}
{"severity":"INFO","time":"2020-10-05T21:11:52.013Z","correlation_id":null,"message":"Checking state of dynamic postgres partitions"}
{"severity":"DEBUG","time":"2020-10-05T21:12:03.679Z","correlation_id":null,"message":"ActiveRecord connection disconnected"}
{"severity":"DEBUG","time":"2020-10-05T21:12:03.890Z","correlation_id":null,"message":"ActiveRecord connection established"}
{"severity":"DEBUG","time":"2020-10-05T21:12:03.908Z","correlation_id":null,"message":"ActiveRecord connection established"}
{"severity":"DEBUG","time":"2020-10-05T21:12:03.945Z","correlation_id":null,"message":"ActiveRecord connection established"}
{"severity":"DEBUG","time":"2020-10-05T21:12:03.971Z","correlation_id":null,"message":"ActiveRecord connection established"}
{"severity":"DEBUG","time":"2020-10-05T21:12:03.976Z","correlation_id":null,"message":"ActiveRecord connection established"}
{"severity":"DEBUG","time":"2020-10-05T21:12:03.981Z","correlation_id":null,"message":"ActiveRecord connection established"}
{"severity":"DEBUG","time":"2020-10-05T21:12:03.992Z","correlation_id":null,"message":"ActiveRecord connection established"}
{"severity":"DEBUG","time":"2020-10-05T21:12:04.019Z","correlation_id":null,"message":"ActiveRecord connection established"}
{":severity":"DEBUG",":time":"2020-10-05T21:12:47.522Z","correlation_id":null,":message":"ActiveRecord connection established"}
{"severity":"INFO","time":"2020-10-05T21:12:48.483Z","correlation_id":null,"message":"Checking state of dynamic postgres partitions"}
{"severity":"INFO","time":"2020-10-05T21:13:54.937Z","correlation_id":"uaqaoYeHZ95","message":"Successful Login: username=root ip=172.18.0.1 method=standard admin=true"}
{"severity":"INFO","time":"2020-10-05T21:14:40.819Z","correlation_id":null,"message":"Checking state of dynamic postgres partitions"}
{":severity":"DEBUG",":time":"2020-10-05T21:14:41.032Z","correlation_id":null,":message":"ActiveRecord connection established"}
{"severity":"INFO","time":"2020-10-05T21:14:41.786Z","correlation_id":null,"message":"Checking state of dynamic postgres partitions"}
{"severity":"INFO","time":"2020-10-05T21:14:49.151Z","correlation_id":null,"message":"Checking state of dynamic postgres partitions"}
{"severity":"DEBUG","time":"2020-10-05T21:15:08.116Z","correlation_id":null,"message":"ActiveRecord connection disconnected"}
{"severity":"DEBUG","time":"2020-10-05T21:15:08.337Z","correlation_id":null,"message":"ActiveRecord connection established"}
{"severity":"DEBUG","time":"2020-10-05T21:15:08.354Z","correlation_id":null,"message":"ActiveRecord connection established"}
{"severity":"DEBUG","time":"2020-10-05T21:15:08.364Z","correlation_id":null,"message":"ActiveRecord connection established"}
{"severity":"DEBUG","time":"2020-10-05T21:15:08.388Z","correlation_id":null,"message":"ActiveRecord connection established"}
{"severity":"DEBUG","time":"2020-10-05T21:15:08.412Z","correlation_id":null,"message":"ActiveRecord connection established"}
{"severity":"DEBUG","time":"2020-10-05T21:15:08.414Z","correlation_id":null,"message":"ActiveRecord connection established"}
{"severity":"DEBUG","time":"2020-10-05T21:15:08.427Z","correlation_id":null,"message":"ActiveRecord connection established"}
{"severity":"DEBUG","time":"2020-10-05T21:15:08.436Z","correlation_id":null,"message":"ActiveRecord connection established"}
{"severity":"INFO","time":"2020-10-05T21:22:04.101Z","correlation_id":"GSh5cXK5Bg2","message":"User 1 scheduled destruction of project gitlab-instance-2acda735/poc-configmap-secrets with job ID 48c51ecdaa11677b6cefee34"}
{"severity":"INFO","time":"2020-10-05T21:22:04.190Z","correlation_id":"GSh5cXK5Bg2","message":"Attempting to destroy gitlab-instance-2acda735/poc-configmap-secrets (2)"}
{"severity":"INFO","time":"2020-10-05T21:22:04.251Z","correlation_id":"GSh5cXK5Bg2","message":"Repository \"@hashed/d4/73/d4735e3a265e16eee03f59718b9b5d03019c07d8b6c51f90da3a666eec13ab35\" moved to \"@hashed/d4/73/d4735e3a265e16eee03f59718b9b5d03019c07d8b6c51f90da3a666eec13ab35+2+deleted\" for repository \"gitlab-instance-2acda735/poc-configmap-secrets\""}
{"severity":"INFO","time":"2020-10-05T21:22:04.252Z","correlation_id":"GSh5cXK5Bg2","message":"Repository \"gitlab-instance-2acda735/poc-configmap-secrets\" was removed"}
{"severity":"INFO","time":"2020-10-05T21:22:04.313Z","correlation_id":"GSh5cXK5Bg2","message":"Repository \"@hashed/d4/73/d4735e3a265e16eee03f59718b9b5d03019c07d8b6c51f90da3a666eec13ab35.wiki\" moved to \"@hashed/d4/73/d4735e3a265e16eee03f59718b9b5d03019c07d8b6c51f90da3a666eec13ab35.wiki+2+deleted\" for repository \"gitlab-instance-2acda735/poc-configmap-secrets.wiki\""}
{"severity":"INFO","time":"2020-10-05T21:22:04.313Z","correlation_id":"GSh5cXK5Bg2","message":"Repository \"gitlab-instance-2acda735/poc-configmap-secrets.wiki\" was removed"}
{"severity":"INFO","time":"2020-10-05T21:22:04.729Z","correlation_id":"GSh5cXK5Bg2","message":"Project \"gitlab-instance-2acda735/poc-configmap-secrets\" was deleted"}
{"severity":"INFO","time":"2020-10-05T21:22:12.546Z","correlation_id":"SEn3Z3RqDR8","message":"GitLab Instance created a new project \"GitLab Instance / poc-configmap-secrets\""}
{"severity":"INFO","time":"2020-10-05T21:22:50.633Z","correlation_id":"pHIHff2AZ72","message":"Updating statistics for project 3"}
{"severity":"ERROR","time":"2020-10-05T21:22:50.700Z","correlation_id":"pHIHff2AZ72","message":"Cannot obtain an exclusive lease for Namespace::AggregationSchedule. There must be another instance already in execution."}
{"severity":"INFO","time":"2020-10-05T21:22:50.707Z","correlation_id":"pHIHff2AZ72","message":"Updating statistics for project 3"}
{"severity":"INFO","time":"2020-10-05T21:22:50.939Z","correlation_id":"pHIHff2AZ72","message":"Pipeline authorized","project_id":3,"user_id":1}
{"severity":"ERROR","time":"2020-10-05T21:22:51.073Z","correlation_id":"pHIHff2AZ72","message":"Cannot obtain an exclusive lease for Ci::PipelineProcessing::AtomicProcessingService. There must be another instance already in execution."}
{"severity":"INFO","time":"2020-10-05T21:28:30.828Z","correlation_id":"awq0XCyzLg9","message":"Pipeline authorized","project_id":3,"user_id":1}
{"severity":"ERROR","time":"2020-10-05T21:28:30.915Z","correlation_id":"awq0XCyzLg9","message":"Cannot obtain an exclusive lease for Ci::PipelineProcessing::AtomicProcessingService. There must be another instance already in execution."}
{"severity":"INFO","time":"2020-10-05T21:30:00.587Z","correlation_id":"VuAQa1DAcD4","message":"Pipeline authorized","project_id":3,"user_id":1}
{"severity":"ERROR","time":"2020-10-05T21:30:00.678Z","correlation_id":"VuAQa1DAcD4","message":"Cannot obtain an exclusive lease for Ci::PipelineProcessing::AtomicProcessingService. There must be another instance already in execution."}
{"severity":"INFO","time":"2020-10-05T21:32:18.450Z","correlation_id":"ZgXZMz4Uig9","message":"Pipeline authorized","project_id":3,"user_id":1}
{"severity":"ERROR","time":"2020-10-05T21:32:18.550Z","correlation_id":"ZgXZMz4Uig9","message":"Cannot obtain an exclusive lease for Ci::PipelineProcessing::AtomicProcessingService. There must be another instance already in execution."}
{"severity":"INFO","time":"2020-10-05T21:37:54.743Z","correlation_id":"ddc6ab3994c03e7ea97eed5813a5f75d","message":"Updating statistics for project 3"}
{"severity":"INFO","time":"2020-10-05T21:37:54.749Z","correlation_id":"fcf1df26c4366ab6a588bbaa5452495a","message":"Updating statistics for project 3"}
{"severity":"INFO","time":"2020-10-05T21:41:52.681Z","correlation_id":"AJT2MYaOWia","message":"Updating statistics for project 3"}
{"severity":"INFO","time":"2020-10-05T21:41:52.783Z","correlation_id":"AJT2MYaOWia","message":"Pipeline authorized","project_id":3,"user_id":1}
{"severity":"INFO","time":"2020-10-05T21:43:21.478Z","correlation_id":"YvDoFbEaSi2","message":"Pipeline authorized","project_id":3,"user_id":1}
{"severity":"ERROR","time":"2020-10-05T21:43:21.571Z","correlation_id":"YvDoFbEaSi2","message":"Cannot obtain an exclusive lease for Ci::PipelineProcessing::AtomicProcessingService. There must be another instance already in execution."}
